<?xml version="1.0" encoding="UTF-8" ?>
<testsuite errors="0" failures="0" hostname="LAPTOP-8ANVIHN8" name="webLab3Tests" skipped="0" tests="12" time="0.55" timestamp="2023-05-08T13:13:14">
  <properties>
[...]
</properties>
  <testcase classname="webLab3Tests" name="checkFourthQuadrant" time="0.173" />
  <testcase classname="webLab3Tests" name="addPoint" time="0.015" />
  <testcase classname="webLab3Tests" name="testAxis" time="0.0" />
  <testcase classname="webLab3Tests" name="removePoints" time="0.0" />
  <testcase classname="webLab3Tests" name="checkThirdQuadrant" time="0.126" />
  <testcase classname="webLab3Tests" name="randomPoint" time="0.0" />
  <testcase classname="webLab3Tests" name="nullPointFields" time="0.0" />
  <testcase classname="webLab3Tests" name="getPoints" time="0.0" />
  <testcase classname="webLab3Tests" name="checkFirstQuadrant" time="0.048" />
  <testcase classname="webLab3Tests" name="checkValidPoint" time="0.0" />
  <testcase classname="webLab3Tests" name="checkPointCreating" time="0.0" />
  <testcase classname="webLab3Tests" name="checkSecondQuadrant" time="0.064" />
  <system-out><![CDATA[]]></system-out>
  <system-err><![CDATA[]]></system-err>
</testsuite>
